  baseline.c
C:\Users\workstation-uni\source\repos\hpc-mpi-game-of-life\source\seriell\baseline.c(31,27): warning C4018: "<=": Konflikt zwischen "signed" und "unsigned"
C:\Users\workstation-uni\source\repos\hpc-mpi-game-of-life\source\seriell\baseline.c(32,28): warning C4018: "<=": Konflikt zwischen "signed" und "unsigned"
  export.c
C:\Users\workstation-uni\source\repos\hpc-mpi-game-of-life\source\seriell\export.c(60,10): warning C4013: "_mkdir" undefiniert; Annahme: extern mit Rückgabetyp int
C:\Users\workstation-uni\source\repos\hpc-mpi-game-of-life\source\seriell\export.c(70,2): warning C4013: "_chdir" undefiniert; Annahme: extern mit Rückgabetyp int
C:\Users\workstation-uni\source\repos\hpc-mpi-game-of-life\source\seriell\export.c(55,8): warning C4101: "mybuffer": Unreferenzierte lokale Variable
  field.c
  file_utils.c
C:\Users\workstation-uni\source\repos\hpc-mpi-game-of-life\source\seriell\file_utils.c(10,41): warning C4013: "error" undefiniert; Annahme: extern mit Rückgabetyp int
  life106.c
C:\Users\workstation-uni\source\repos\hpc-mpi-game-of-life\source\seriell\life106.c(66,18): warning C4018: ">=": Konflikt zwischen "signed" und "unsigned"
C:\Users\workstation-uni\source\repos\hpc-mpi-game-of-life\source\seriell\life106.c(66,49): warning C4018: ">=": Konflikt zwischen "signed" und "unsigned"
C:\Users\workstation-uni\source\repos\hpc-mpi-game-of-life\source\seriell\life106.c(138,18): warning C4018: ">=": Konflikt zwischen "signed" und "unsigned"
C:\Users\workstation-uni\source\repos\hpc-mpi-game-of-life\source\seriell\life106.c(138,49): warning C4018: ">=": Konflikt zwischen "signed" und "unsigned"
C:\Users\workstation-uni\source\repos\hpc-mpi-game-of-life\source\seriell\life106.c(155,20): warning C4018: "<": Konflikt zwischen "signed" und "unsigned"
C:\Users\workstation-uni\source\repos\hpc-mpi-game-of-life\source\seriell\life106.c(157,9): warning C4018: ">=": Konflikt zwischen "signed" und "unsigned"
  mem_optimized.c
C:\Users\workstation-uni\source\repos\hpc-mpi-game-of-life\source\seriell\mem_optimized.c(161,23): warning C4018: "<": Konflikt zwischen "signed" und "unsigned"
  source.c
C:\Users\workstation-uni\source\repos\hpc-mpi-game-of-life\source\seriell\source.c(44,10): warning C4013: "atoi" undefiniert; Annahme: extern mit Rückgabetyp int
C:\Users\workstation-uni\source\repos\hpc-mpi-game-of-life\source\seriell\source.c(26,9): warning C4101: "start_time": Unreferenzierte lokale Variable
C:\Users\workstation-uni\source\repos\hpc-mpi-game-of-life\source\seriell\source.c(27,9): warning C4101: "end_time": Unreferenzierte lokale Variable
C:\Users\workstation-uni\source\repos\hpc-mpi-game-of-life\source\seriell\source.c(39,8): warning C4101: "export_filename2": Unreferenzierte lokale Variable
C:\Users\workstation-uni\source\repos\hpc-mpi-game-of-life\source\seriell\source.c(38,8): warning C4101: "export_filename1": Unreferenzierte lokale Variable
  string_utils.c
C:\Users\workstation-uni\source\repos\hpc-mpi-game-of-life\source\seriell\string_utils.c(11,42): warning C4267: "Initialisierung": Konvertierung von "size_t" nach "unsigned int", Datenverlust möglich
C:\Users\workstation-uni\source\repos\hpc-mpi-game-of-life\source\seriell\string_utils.c(44,20): warning C4018: "<": Konflikt zwischen "signed" und "unsigned"
  utils.c
LINK : fatal error LNK1181: Eingabedatei "msmpi.lib" kann nicht geöffnet werden.
