c:\users\workstation-uni\source\repos\bi_plus_ge_gleich_2bundesliga\source\seriell\x64\release\vc142.pdb
c:\users\workstation-uni\source\repos\bi_plus_ge_gleich_2bundesliga\source\seriell\x64\release\source.obj
c:\users\workstation-uni\source\repos\bi_plus_ge_gleich_2bundesliga\source\seriell\x64\release\export.obj
c:\users\workstation-uni\source\repos\bi_plus_ge_gleich_2bundesliga\source\seriell\x64\release\mem_optimized.obj
c:\users\workstation-uni\source\repos\bi_plus_ge_gleich_2bundesliga\source\seriell\x64\release\graphics_utils.obj
c:\users\workstation-uni\source\repos\bi_plus_ge_gleich_2bundesliga\source\seriell\x64\release\field.obj
c:\users\workstation-uni\source\repos\bi_plus_ge_gleich_2bundesliga\source\seriell\x64\release\baseline.obj
c:\users\workstation-uni\source\repos\bi_plus_ge_gleich_2bundesliga\source\seriell\x64\release\utils.obj
c:\users\workstation-uni\source\repos\bi_plus_ge_gleich_2bundesliga\source\seriell\x64\release\string_utils.obj
c:\users\workstation-uni\source\repos\bi_plus_ge_gleich_2bundesliga\source\seriell\x64\release\life106.obj
c:\users\workstation-uni\source\repos\bi_plus_ge_gleich_2bundesliga\source\seriell\x64\release\file_utils.obj
c:\users\workstation-uni\source\repos\bi_plus_ge_gleich_2bundesliga\source\x64\release\seriell.exe
c:\users\workstation-uni\source\repos\bi_plus_ge_gleich_2bundesliga\source\seriell\x64\release\seriell.ipdb
c:\users\workstation-uni\source\repos\bi_plus_ge_gleich_2bundesliga\source\seriell\x64\release\seriell.iobj
c:\users\workstation-uni\source\repos\bi_plus_ge_gleich_2bundesliga\source\x64\release\seriell.pdb
c:\users\workstation-uni\source\repos\bi_plus_ge_gleich_2bundesliga\source\seriell\x64\release\seriell.tlog\cl.command.1.tlog
c:\users\workstation-uni\source\repos\bi_plus_ge_gleich_2bundesliga\source\seriell\x64\release\seriell.tlog\cl.read.1.tlog
c:\users\workstation-uni\source\repos\bi_plus_ge_gleich_2bundesliga\source\seriell\x64\release\seriell.tlog\cl.write.1.tlog
c:\users\workstation-uni\source\repos\bi_plus_ge_gleich_2bundesliga\source\seriell\x64\release\seriell.tlog\link.command.1.tlog
c:\users\workstation-uni\source\repos\bi_plus_ge_gleich_2bundesliga\source\seriell\x64\release\seriell.tlog\link.read.1.tlog
c:\users\workstation-uni\source\repos\bi_plus_ge_gleich_2bundesliga\source\seriell\x64\release\seriell.tlog\link.write.1.tlog
