c:\users\workstation-uni\source\repos\bi_plus_ge_gleich_2bundesliga\source\parallel\x64\release\vc142.pdb
c:\users\workstation-uni\source\repos\bi_plus_ge_gleich_2bundesliga\source\parallel\x64\release\utils.nativecodeanalysis.sarif
c:\users\workstation-uni\source\repos\bi_plus_ge_gleich_2bundesliga\source\parallel\x64\release\utils.nativecodeanalysis.xml
c:\users\workstation-uni\source\repos\bi_plus_ge_gleich_2bundesliga\source\parallel\x64\release\string_utils.nativecodeanalysis.sarif
c:\users\workstation-uni\source\repos\bi_plus_ge_gleich_2bundesliga\source\parallel\x64\release\string_utils.nativecodeanalysis.xml
c:\users\workstation-uni\source\repos\bi_plus_ge_gleich_2bundesliga\source\parallel\x64\release\source.nativecodeanalysis.sarif
c:\users\workstation-uni\source\repos\bi_plus_ge_gleich_2bundesliga\source\parallel\x64\release\source.nativecodeanalysis.xml
c:\users\workstation-uni\source\repos\bi_plus_ge_gleich_2bundesliga\source\parallel\x64\release\shared_mem.nativecodeanalysis.sarif
c:\users\workstation-uni\source\repos\bi_plus_ge_gleich_2bundesliga\source\parallel\x64\release\shared_mem.nativecodeanalysis.xml
c:\users\workstation-uni\source\repos\bi_plus_ge_gleich_2bundesliga\source\parallel\x64\release\mem_optimized.nativecodeanalysis.sarif
c:\users\workstation-uni\source\repos\bi_plus_ge_gleich_2bundesliga\source\parallel\x64\release\mem_optimized.nativecodeanalysis.xml
c:\users\workstation-uni\source\repos\bi_plus_ge_gleich_2bundesliga\source\parallel\x64\release\life106.nativecodeanalysis.sarif
c:\users\workstation-uni\source\repos\bi_plus_ge_gleich_2bundesliga\source\parallel\x64\release\life106.nativecodeanalysis.xml
c:\users\workstation-uni\source\repos\bi_plus_ge_gleich_2bundesliga\source\parallel\x64\release\file_utils.nativecodeanalysis.sarif
c:\users\workstation-uni\source\repos\bi_plus_ge_gleich_2bundesliga\source\parallel\x64\release\file_utils.nativecodeanalysis.xml
c:\users\workstation-uni\source\repos\bi_plus_ge_gleich_2bundesliga\source\parallel\x64\release\field.nativecodeanalysis.sarif
c:\users\workstation-uni\source\repos\bi_plus_ge_gleich_2bundesliga\source\parallel\x64\release\field.nativecodeanalysis.xml
c:\users\workstation-uni\source\repos\bi_plus_ge_gleich_2bundesliga\source\parallel\x64\release\export.nativecodeanalysis.sarif
c:\users\workstation-uni\source\repos\bi_plus_ge_gleich_2bundesliga\source\parallel\x64\release\export.nativecodeanalysis.xml
c:\users\workstation-uni\source\repos\bi_plus_ge_gleich_2bundesliga\source\parallel\x64\release\distr_mem.nativecodeanalysis.sarif
c:\users\workstation-uni\source\repos\bi_plus_ge_gleich_2bundesliga\source\parallel\x64\release\distr_mem.nativecodeanalysis.xml
c:\users\workstation-uni\source\repos\bi_plus_ge_gleich_2bundesliga\source\parallel\x64\release\distr_mem.obj
c:\users\workstation-uni\source\repos\bi_plus_ge_gleich_2bundesliga\source\parallel\x64\release\export.obj
c:\users\workstation-uni\source\repos\bi_plus_ge_gleich_2bundesliga\source\parallel\x64\release\field.obj
c:\users\workstation-uni\source\repos\bi_plus_ge_gleich_2bundesliga\source\parallel\x64\release\file_utils.obj
c:\users\workstation-uni\source\repos\bi_plus_ge_gleich_2bundesliga\source\parallel\x64\release\life106.obj
c:\users\workstation-uni\source\repos\bi_plus_ge_gleich_2bundesliga\source\parallel\x64\release\mem_optimized.obj
c:\users\workstation-uni\source\repos\bi_plus_ge_gleich_2bundesliga\source\parallel\x64\release\shared_mem.obj
c:\users\workstation-uni\source\repos\bi_plus_ge_gleich_2bundesliga\source\parallel\x64\release\source.obj
c:\users\workstation-uni\source\repos\bi_plus_ge_gleich_2bundesliga\source\parallel\x64\release\string_utils.obj
c:\users\workstation-uni\source\repos\bi_plus_ge_gleich_2bundesliga\source\parallel\x64\release\utils.obj
c:\users\workstation-uni\source\repos\bi_plus_ge_gleich_2bundesliga\source\x64\release\parallel.exe
c:\users\workstation-uni\source\repos\bi_plus_ge_gleich_2bundesliga\source\parallel\x64\release\parallel.ipdb
c:\users\workstation-uni\source\repos\bi_plus_ge_gleich_2bundesliga\source\parallel\x64\release\parallel.iobj
c:\users\workstation-uni\source\repos\bi_plus_ge_gleich_2bundesliga\source\x64\release\parallel.pdb
c:\users\workstation-uni\source\repos\bi_plus_ge_gleich_2bundesliga\source\parallel\x64\release\vc.nativecodeanalysis.all.xml
c:\users\workstation-uni\source\repos\bi_plus_ge_gleich_2bundesliga\source\parallel\x64\release\parallel.tlog\cl.command.1.tlog
c:\users\workstation-uni\source\repos\bi_plus_ge_gleich_2bundesliga\source\parallel\x64\release\parallel.tlog\cl.read.1.tlog
c:\users\workstation-uni\source\repos\bi_plus_ge_gleich_2bundesliga\source\parallel\x64\release\parallel.tlog\cl.write.1.tlog
c:\users\workstation-uni\source\repos\bi_plus_ge_gleich_2bundesliga\source\parallel\x64\release\parallel.tlog\link.command.1.tlog
c:\users\workstation-uni\source\repos\bi_plus_ge_gleich_2bundesliga\source\parallel\x64\release\parallel.tlog\link.read.1.tlog
c:\users\workstation-uni\source\repos\bi_plus_ge_gleich_2bundesliga\source\parallel\x64\release\parallel.tlog\link.write.1.tlog
